<?xml version="1.0" encoding="UTF-8"?>
<!-- Generated by org.testng.reporters.JUnitReportReporter -->
<testsuite hostname="DESKTOP-FCA3PI1" failures="0" tests="1" name="mavenforjenkins.UITest" time="19.050" errors="0" timestamp="2022-03-18T01:11:16 PKT" skipped="0">
  <testcase classname="mavenforjenkins.UITest" name="startBrowser" time="19.050"/>
  <system-out/>
</testsuite> <!-- mavenforjenkins.UITest -->
